2019-05-06T07:33:20.506121Z 0 [Warning] TIMESTAMP with implicit DEFAULT value is deprecated. Please use --explicit_defaults_for_timestamp server option (see documentation for more details).
2019-05-06T07:33:20.510992Z 0 [Note] /usr/sbin/mysqld (mysqld 5.7.23) starting as process 33 ...
2019-05-06T07:33:20.547449Z 0 [Note] InnoDB: PUNCH HOLE support available
2019-05-06T07:33:20.547562Z 0 [Note] InnoDB: Mutexes and rw_locks use GCC atomic builtins
2019-05-06T07:33:20.547575Z 0 [Note] InnoDB: Uses event mutexes
2019-05-06T07:33:20.547582Z 0 [Note] InnoDB: GCC builtin __atomic_thread_fence() is used for memory barrier
2019-05-06T07:33:20.547589Z 0 [Note] InnoDB: Compressed tables use zlib 1.2.3
2019-05-06T07:33:20.547595Z 0 [Note] InnoDB: Using Linux native AIO
2019-05-06T07:33:20.549401Z 0 [Note] InnoDB: Number of pools: 1
2019-05-06T07:33:20.549598Z 0 [Note] InnoDB: Using CPU crc32 instructions
2019-05-06T07:33:20.553204Z 0 [Note] InnoDB: Initializing buffer pool, total size = 32M, instances = 1, chunk size = 32M
2019-05-06T07:33:20.565566Z 0 [Note] InnoDB: Completed initialization of buffer pool
2019-05-06T07:33:20.579611Z 0 [Note] InnoDB: If the mysqld execution user is authorized, page cleaner thread priority can be changed. See the man page of setpriority().
2019-05-06T07:33:20.617290Z 0 [Note] InnoDB: Highest supported file format is Barracuda.
2019-05-06T07:33:20.621147Z 0 [Note] InnoDB: Log scan progressed past the checkpoint lsn 2588963
2019-05-06T07:33:20.621178Z 0 [Note] InnoDB: Doing recovery: scanned up to log sequence number 2591784
2019-05-06T07:33:20.625588Z 0 [Note] InnoDB: Database was not shutdown normally!
2019-05-06T07:33:20.625609Z 0 [Note] InnoDB: Starting crash recovery.
2019-05-06T07:33:21.366097Z 0 [Note] InnoDB: Starting an apply batch of log records to the database...
InnoDB: Progress in percent: 16 17 18 19 20 21 22 23 24 25 26 27 28 29 30 31 32 33 34 35 36 37 38 39 40 41 42 43 44 45 46 47 48 49 50 51 52 53 54 55 56 57 58 59 60 61 62 63 64 65 66 67 68 69 70 71 72 73 74 75 76 77 78 79 80 81 82 83 84 85 86 87 88 89 90 91 92 93 94 95 96 97 98 99 
2019-05-06T07:33:21.390126Z 0 [Note] InnoDB: Apply batch completed
2019-05-06T07:33:21.493152Z 0 [Note] InnoDB: Removed temporary tablespace data file: "ibtmp1"
2019-05-06T07:33:21.493184Z 0 [Note] InnoDB: Creating shared tablespace for temporary tables
2019-05-06T07:33:21.493260Z 0 [Note] InnoDB: Setting file './ibtmp1' size to 12 MB. Physically writing the file full; Please wait ...
2019-05-06T07:33:21.598619Z 0 [Note] InnoDB: File './ibtmp1' size is now 12 MB.
2019-05-06T07:33:21.599302Z 0 [Note] InnoDB: 96 redo rollback segment(s) found. 96 redo rollback segment(s) are active.
2019-05-06T07:33:21.599318Z 0 [Note] InnoDB: 32 non-redo rollback segment(s) are active.
2019-05-06T07:33:21.602313Z 0 [Note] InnoDB: Waiting for purge to start
2019-05-06T07:33:21.657574Z 0 [Note] InnoDB: 5.7.23 started; log sequence number 2591784
2019-05-06T07:33:21.657969Z 0 [Note] Plugin 'FEDERATED' is disabled.
2019-05-06T07:33:21.659224Z 0 [Warning] Failed to set up SSL because of the following SSL library error: SSL context is not usable without certificate and private key
2019-05-06T07:33:21.659239Z 0 [Note] Server hostname (bind-address): '*'; port: 3306
2019-05-06T07:33:21.659280Z 0 [Note] IPv6 is available.
2019-05-06T07:33:21.659289Z 0 [Note]   - '::' resolves to '::';
2019-05-06T07:33:21.659295Z 0 [Note] Server socket created on IP: '::'.
2019-05-06T07:33:21.661659Z 0 [Warning] Insecure configuration for --pid-file: Location '/var/run/mysqld' in the path is accessible to all OS users. Consider choosing a different directory.
2019-05-06T07:33:21.667645Z 0 [Note] InnoDB: Loading buffer pool(s) from /var/lib/mysql/ib_buffer_pool
2019-05-06T07:33:21.718383Z 0 [ERROR] /usr/sbin/mysqld: Table './mysql/user' is marked as crashed and should be repaired
2019-05-06T07:33:21.718696Z 0 [Warning] Checking table:   './mysql/user'
2019-05-06T07:33:21.718712Z 0 [ERROR] 1 client is using or hasn't closed the table properly
2019-05-06T07:33:21.733679Z 0 [Note] InnoDB: Buffer pool(s) load completed at 190506  7:33:21
2019-05-06T07:33:21.749191Z 0 [Warning] 'user' entry 'root@localhost' ignored in --skip-name-resolve mode.
2019-05-06T07:33:21.749231Z 0 [Warning] 'user' entry 'mysql.session@localhost' ignored in --skip-name-resolve mode.
2019-05-06T07:33:21.749238Z 0 [Warning] 'user' entry 'mysql.sys@localhost' ignored in --skip-name-resolve mode.
2019-05-06T07:33:21.749380Z 0 [Warning] 'db' entry 'performance_schema mysql.session@localhost' ignored in --skip-name-resolve mode.
2019-05-06T07:33:21.749390Z 0 [Warning] 'db' entry 'sys mysql.sys@localhost' ignored in --skip-name-resolve mode.
2019-05-06T07:33:21.749722Z 0 [Warning] 'proxies_priv' entry '@ root@localhost' ignored in --skip-name-resolve mode.
2019-05-06T07:33:21.756246Z 0 [Warning] 'tables_priv' entry 'user mysql.session@localhost' ignored in --skip-name-resolve mode.
2019-05-06T07:33:21.756268Z 0 [Warning] 'tables_priv' entry 'sys_config mysql.sys@localhost' ignored in --skip-name-resolve mode.
2019-05-06T07:33:21.940941Z 0 [Note] Event Scheduler: Loaded 0 events
2019-05-06T07:33:21.962830Z 0 [Note] /usr/sbin/mysqld: ready for connections.
Version: '5.7.23'  socket: '/var/run/mysqld/mysqld.sock'  port: 3306  MySQL Community Server (GPL)
2019-05-06T07:33:22.774834Z 4 [ERROR] /usr/sbin/mysqld: Table './mysql/proc' is marked as crashed and should be repaired
2019-05-06T07:33:22.774963Z 4 [Warning] Checking table:   './mysql/proc'
2019-05-06T07:33:22.893569Z 6 [Warning] 'user' entry 'root@localhost' ignored in --skip-name-resolve mode.
2019-05-06T07:33:22.893593Z 6 [Warning] 'user' entry 'mysql.session@localhost' ignored in --skip-name-resolve mode.
2019-05-06T07:33:22.893600Z 6 [Warning] 'user' entry 'mysql.sys@localhost' ignored in --skip-name-resolve mode.
2019-05-06T07:33:22.893614Z 6 [Warning] 'db' entry 'performance_schema mysql.session@localhost' ignored in --skip-name-resolve mode.
2019-05-06T07:33:22.893617Z 6 [Warning] 'db' entry 'sys mysql.sys@localhost' ignored in --skip-name-resolve mode.
2019-05-06T07:33:22.893625Z 6 [Warning] 'proxies_priv' entry '@ root@localhost' ignored in --skip-name-resolve mode.
2019-05-06T07:33:22.893754Z 6 [Warning] 'tables_priv' entry 'user mysql.session@localhost' ignored in --skip-name-resolve mode.
2019-05-06T07:33:22.893762Z 6 [Warning] 'tables_priv' entry 'sys_config mysql.sys@localhost' ignored in --skip-name-resolve mode.
2019-05-06T07:44:33.019481Z 0 [Note] Giving 0 client threads a chance to die gracefully
2019-05-06T07:44:33.019853Z 0 [Note] Shutting down slave threads
2019-05-06T07:44:33.019862Z 0 [Note] Forcefully disconnecting 0 remaining clients
2019-05-06T07:44:33.019870Z 0 [Note] Event Scheduler: Purging the queue. 0 events
2019-05-06T07:44:33.019915Z 0 [Note] Binlog end
2019-05-06T07:44:33.020826Z 0 [Note] Shutting down plugin 'ngram'
2019-05-06T07:44:33.020837Z 0 [Note] Shutting down plugin 'partition'
2019-05-06T07:44:33.020840Z 0 [Note] Shutting down plugin 'BLACKHOLE'
2019-05-06T07:44:33.020843Z 0 [Note] Shutting down plugin 'ARCHIVE'
2019-05-06T07:44:33.020845Z 0 [Note] Shutting down plugin 'PERFORMANCE_SCHEMA'
2019-05-06T07:44:33.020864Z 0 [Note] Shutting down plugin 'MRG_MYISAM'
2019-05-06T07:44:33.020867Z 0 [Note] Shutting down plugin 'MyISAM'
2019-05-06T07:44:33.020876Z 0 [Note] Shutting down plugin 'INNODB_SYS_VIRTUAL'
2019-05-06T07:44:33.020880Z 0 [Note] Shutting down plugin 'INNODB_SYS_DATAFILES'
2019-05-06T07:44:33.020882Z 0 [Note] Shutting down plugin 'INNODB_SYS_TABLESPACES'
2019-05-06T07:44:33.020884Z 0 [Note] Shutting down plugin 'INNODB_SYS_FOREIGN_COLS'
2019-05-06T07:44:33.020886Z 0 [Note] Shutting down plugin 'INNODB_SYS_FOREIGN'
2019-05-06T07:44:33.020888Z 0 [Note] Shutting down plugin 'INNODB_SYS_FIELDS'
2019-05-06T07:44:33.020890Z 0 [Note] Shutting down plugin 'INNODB_SYS_COLUMNS'
2019-05-06T07:44:33.020892Z 0 [Note] Shutting down plugin 'INNODB_SYS_INDEXES'
2019-05-06T07:44:33.020894Z 0 [Note] Shutting down plugin 'INNODB_SYS_TABLESTATS'
2019-05-06T07:44:33.020896Z 0 [Note] Shutting down plugin 'INNODB_SYS_TABLES'
2019-05-06T07:44:33.020898Z 0 [Note] Shutting down plugin 'INNODB_FT_INDEX_TABLE'
2019-05-06T07:44:33.020907Z 0 [Note] Shutting down plugin 'INNODB_FT_INDEX_CACHE'
2019-05-06T07:44:33.020909Z 0 [Note] Shutting down plugin 'INNODB_FT_CONFIG'
2019-05-06T07:44:33.020911Z 0 [Note] Shutting down plugin 'INNODB_FT_BEING_DELETED'
2019-05-06T07:44:33.020913Z 0 [Note] Shutting down plugin 'INNODB_FT_DELETED'
2019-05-06T07:44:33.020915Z 0 [Note] Shutting down plugin 'INNODB_FT_DEFAULT_STOPWORD'
2019-05-06T07:44:33.020917Z 0 [Note] Shutting down plugin 'INNODB_METRICS'
2019-05-06T07:44:33.020919Z 0 [Note] Shutting down plugin 'INNODB_TEMP_TABLE_INFO'
2019-05-06T07:44:33.020921Z 0 [Note] Shutting down plugin 'INNODB_BUFFER_POOL_STATS'
2019-05-06T07:44:33.020923Z 0 [Note] Shutting down plugin 'INNODB_BUFFER_PAGE_LRU'
2019-05-06T07:44:33.020926Z 0 [Note] Shutting down plugin 'INNODB_BUFFER_PAGE'
2019-05-06T07:44:33.020929Z 0 [Note] Shutting down plugin 'INNODB_CMP_PER_INDEX_RESET'
2019-05-06T07:44:33.020932Z 0 [Note] Shutting down plugin 'INNODB_CMP_PER_INDEX'
2019-05-06T07:44:33.020935Z 0 [Note] Shutting down plugin 'INNODB_CMPMEM_RESET'
2019-05-06T07:44:33.020938Z 0 [Note] Shutting down plugin 'INNODB_CMPMEM'
2019-05-06T07:44:33.020941Z 0 [Note] Shutting down plugin 'INNODB_CMP_RESET'
2019-05-06T07:44:33.020944Z 0 [Note] Shutting down plugin 'INNODB_CMP'
2019-05-06T07:44:33.020946Z 0 [Note] Shutting down plugin 'INNODB_LOCK_WAITS'
2019-05-06T07:44:33.020949Z 0 [Note] Shutting down plugin 'INNODB_LOCKS'
2019-05-06T07:44:33.020952Z 0 [Note] Shutting down plugin 'INNODB_TRX'
2019-05-06T07:44:33.020955Z 0 [Note] Shutting down plugin 'InnoDB'
2019-05-06T07:44:33.021057Z 0 [Note] InnoDB: FTS optimize thread exiting.
2019-05-06T07:44:33.021242Z 0 [Note] InnoDB: Starting shutdown...
2019-05-06T07:44:33.122008Z 0 [Note] InnoDB: Dumping buffer pool(s) to /var/lib/mysql/ib_buffer_pool
2019-05-06T07:44:33.122212Z 0 [Note] InnoDB: Buffer pool(s) dump completed at 190506  7:44:33
2019-05-06T07:44:34.131670Z 0 [Note] InnoDB: Shutdown completed; log sequence number 4001221
2019-05-06T07:44:34.132074Z 0 [Note] InnoDB: Removed temporary tablespace data file: "ibtmp1"
2019-05-06T07:44:34.132089Z 0 [Note] Shutting down plugin 'MEMORY'
2019-05-06T07:44:34.132094Z 0 [Note] Shutting down plugin 'CSV'
2019-05-06T07:44:34.132099Z 0 [Note] Shutting down plugin 'sha256_password'
2019-05-06T07:44:34.132101Z 0 [Note] Shutting down plugin 'mysql_native_password'
2019-05-06T07:44:34.132249Z 0 [Note] Shutting down plugin 'binlog'
2019-05-06T07:44:34.132762Z 0 [Note] /usr/sbin/mysqld: Shutdown complete

2019-05-06T07:44:39.708243Z 0 [Warning] TIMESTAMP with implicit DEFAULT value is deprecated. Please use --explicit_defaults_for_timestamp server option (see documentation for more details).
2019-05-06T07:44:39.709419Z 0 [Note] /usr/sbin/mysqld (mysqld 5.7.23) starting as process 71 ...
2019-05-06T07:44:39.721468Z 0 [Note] InnoDB: PUNCH HOLE support available
2019-05-06T07:44:39.721491Z 0 [Note] InnoDB: Mutexes and rw_locks use GCC atomic builtins
2019-05-06T07:44:39.721494Z 0 [Note] InnoDB: Uses event mutexes
2019-05-06T07:44:39.721497Z 0 [Note] InnoDB: GCC builtin __atomic_thread_fence() is used for memory barrier
2019-05-06T07:44:39.721500Z 0 [Note] InnoDB: Compressed tables use zlib 1.2.3
2019-05-06T07:44:39.721502Z 0 [Note] InnoDB: Using Linux native AIO
2019-05-06T07:44:39.721664Z 0 [Note] InnoDB: Number of pools: 1
2019-05-06T07:44:39.721744Z 0 [Note] InnoDB: Using CPU crc32 instructions
2019-05-06T07:44:39.723013Z 0 [Note] InnoDB: Initializing buffer pool, total size = 32M, instances = 1, chunk size = 32M
2019-05-06T07:44:39.724738Z 0 [Note] InnoDB: Completed initialization of buffer pool
2019-05-06T07:44:39.727971Z 0 [Note] InnoDB: If the mysqld execution user is authorized, page cleaner thread priority can be changed. See the man page of setpriority().
2019-05-06T07:44:39.748327Z 0 [Note] InnoDB: Highest supported file format is Barracuda.
2019-05-06T07:44:39.789146Z 0 [Note] InnoDB: Creating shared tablespace for temporary tables
2019-05-06T07:44:39.789283Z 0 [Note] InnoDB: Setting file './ibtmp1' size to 12 MB. Physically writing the file full; Please wait ...
2019-05-06T07:44:39.810410Z 0 [Note] InnoDB: File './ibtmp1' size is now 12 MB.
2019-05-06T07:44:39.810944Z 0 [Note] InnoDB: 96 redo rollback segment(s) found. 96 redo rollback segment(s) are active.
2019-05-06T07:44:39.810953Z 0 [Note] InnoDB: 32 non-redo rollback segment(s) are active.
2019-05-06T07:44:39.811412Z 0 [Note] InnoDB: Waiting for purge to start
2019-05-06T07:44:39.861967Z 0 [Note] InnoDB: 5.7.23 started; log sequence number 4001221
2019-05-06T07:44:39.862546Z 0 [Note] Plugin 'FEDERATED' is disabled.
2019-05-06T07:44:39.864073Z 0 [Warning] Failed to set up SSL because of the following SSL library error: SSL context is not usable without certificate and private key
2019-05-06T07:44:39.864091Z 0 [Note] Server hostname (bind-address): '*'; port: 3306
2019-05-06T07:44:39.864141Z 0 [Note] IPv6 is available.
2019-05-06T07:44:39.864208Z 0 [Note]   - '::' resolves to '::';
2019-05-06T07:44:39.864220Z 0 [Note] Server socket created on IP: '::'.
2019-05-06T07:44:39.868052Z 0 [Note] InnoDB: Loading buffer pool(s) from /var/lib/mysql/ib_buffer_pool
2019-05-06T07:44:39.869108Z 0 [Warning] Insecure configuration for --pid-file: Location '/var/run/mysqld' in the path is accessible to all OS users. Consider choosing a different directory.
2019-05-06T07:44:39.872122Z 0 [Note] InnoDB: Buffer pool(s) load completed at 190506  7:44:39
2019-05-06T07:44:39.874138Z 0 [Warning] 'user' entry 'root@localhost' ignored in --skip-name-resolve mode.
2019-05-06T07:44:39.874173Z 0 [Warning] 'user' entry 'mysql.session@localhost' ignored in --skip-name-resolve mode.
2019-05-06T07:44:39.874185Z 0 [Warning] 'user' entry 'mysql.sys@localhost' ignored in --skip-name-resolve mode.
2019-05-06T07:44:39.874354Z 0 [Warning] 'db' entry 'performance_schema mysql.session@localhost' ignored in --skip-name-resolve mode.
2019-05-06T07:44:39.874424Z 0 [Warning] 'db' entry 'sys mysql.sys@localhost' ignored in --skip-name-resolve mode.
2019-05-06T07:44:39.874448Z 0 [Warning] 'proxies_priv' entry '@ root@localhost' ignored in --skip-name-resolve mode.
2019-05-06T07:44:39.882572Z 0 [Warning] 'tables_priv' entry 'user mysql.session@localhost' ignored in --skip-name-resolve mode.
2019-05-06T07:44:39.882592Z 0 [Warning] 'tables_priv' entry 'sys_config mysql.sys@localhost' ignored in --skip-name-resolve mode.
2019-05-06T07:44:39.910831Z 0 [Note] Event Scheduler: Loaded 0 events
2019-05-06T07:44:39.917670Z 0 [Note] /usr/sbin/mysqld: ready for connections.
Version: '5.7.23'  socket: '/var/run/mysqld/mysqld.sock'  port: 3306  MySQL Community Server (GPL)
2019-05-06T07:46:15.973551Z 0 [Note] Giving 0 client threads a chance to die gracefully
2019-05-06T07:46:15.973887Z 0 [Note] Shutting down slave threads
2019-05-06T07:46:15.973895Z 0 [Note] Forcefully disconnecting 0 remaining clients
2019-05-06T07:46:15.973900Z 0 [Note] Event Scheduler: Purging the queue. 0 events
2019-05-06T07:46:15.973938Z 0 [Note] Binlog end
2019-05-06T07:46:15.975414Z 0 [Note] Shutting down plugin 'ngram'
2019-05-06T07:46:15.975426Z 0 [Note] Shutting down plugin 'partition'
2019-05-06T07:46:15.975429Z 0 [Note] Shutting down plugin 'BLACKHOLE'
2019-05-06T07:46:15.975432Z 0 [Note] Shutting down plugin 'ARCHIVE'
2019-05-06T07:46:15.975434Z 0 [Note] Shutting down plugin 'PERFORMANCE_SCHEMA'
2019-05-06T07:46:15.975450Z 0 [Note] Shutting down plugin 'MRG_MYISAM'
2019-05-06T07:46:15.975453Z 0 [Note] Shutting down plugin 'MyISAM'
2019-05-06T07:46:15.975460Z 0 [Note] Shutting down plugin 'INNODB_SYS_VIRTUAL'
2019-05-06T07:46:15.975462Z 0 [Note] Shutting down plugin 'INNODB_SYS_DATAFILES'
2019-05-06T07:46:15.975465Z 0 [Note] Shutting down plugin 'INNODB_SYS_TABLESPACES'
2019-05-06T07:46:15.975467Z 0 [Note] Shutting down plugin 'INNODB_SYS_FOREIGN_COLS'
2019-05-06T07:46:15.975469Z 0 [Note] Shutting down plugin 'INNODB_SYS_FOREIGN'
2019-05-06T07:46:15.975471Z 0 [Note] Shutting down plugin 'INNODB_SYS_FIELDS'
2019-05-06T07:46:15.975473Z 0 [Note] Shutting down plugin 'INNODB_SYS_COLUMNS'
2019-05-06T07:46:15.975475Z 0 [Note] Shutting down plugin 'INNODB_SYS_INDEXES'
2019-05-06T07:46:15.975482Z 0 [Note] Shutting down plugin 'INNODB_SYS_TABLESTATS'
2019-05-06T07:46:15.975484Z 0 [Note] Shutting down plugin 'INNODB_SYS_TABLES'
2019-05-06T07:46:15.975486Z 0 [Note] Shutting down plugin 'INNODB_FT_INDEX_TABLE'
2019-05-06T07:46:15.975488Z 0 [Note] Shutting down plugin 'INNODB_FT_INDEX_CACHE'
2019-05-06T07:46:15.975491Z 0 [Note] Shutting down plugin 'INNODB_FT_CONFIG'
2019-05-06T07:46:15.975493Z 0 [Note] Shutting down plugin 'INNODB_FT_BEING_DELETED'
2019-05-06T07:46:15.975495Z 0 [Note] Shutting down plugin 'INNODB_FT_DELETED'
2019-05-06T07:46:15.975497Z 0 [Note] Shutting down plugin 'INNODB_FT_DEFAULT_STOPWORD'
2019-05-06T07:46:15.975499Z 0 [Note] Shutting down plugin 'INNODB_METRICS'
2019-05-06T07:46:15.975501Z 0 [Note] Shutting down plugin 'INNODB_TEMP_TABLE_INFO'
2019-05-06T07:46:15.975503Z 0 [Note] Shutting down plugin 'INNODB_BUFFER_POOL_STATS'
2019-05-06T07:46:15.975505Z 0 [Note] Shutting down plugin 'INNODB_BUFFER_PAGE_LRU'
2019-05-06T07:46:15.975507Z 0 [Note] Shutting down plugin 'INNODB_BUFFER_PAGE'
2019-05-06T07:46:15.975509Z 0 [Note] Shutting down plugin 'INNODB_CMP_PER_INDEX_RESET'
2019-05-06T07:46:15.975511Z 0 [Note] Shutting down plugin 'INNODB_CMP_PER_INDEX'
2019-05-06T07:46:15.975513Z 0 [Note] Shutting down plugin 'INNODB_CMPMEM_RESET'
2019-05-06T07:46:15.975515Z 0 [Note] Shutting down plugin 'INNODB_CMPMEM'
2019-05-06T07:46:15.975517Z 0 [Note] Shutting down plugin 'INNODB_CMP_RESET'
2019-05-06T07:46:15.975519Z 0 [Note] Shutting down plugin 'INNODB_CMP'
2019-05-06T07:46:15.975521Z 0 [Note] Shutting down plugin 'INNODB_LOCK_WAITS'
2019-05-06T07:46:15.975523Z 0 [Note] Shutting down plugin 'INNODB_LOCKS'
2019-05-06T07:46:15.975525Z 0 [Note] Shutting down plugin 'INNODB_TRX'
2019-05-06T07:46:15.975527Z 0 [Note] Shutting down plugin 'InnoDB'
2019-05-06T07:46:15.975568Z 0 [Note] InnoDB: FTS optimize thread exiting.
2019-05-06T07:46:15.975682Z 0 [Note] InnoDB: Starting shutdown...
2019-05-06T07:46:16.076188Z 0 [Note] InnoDB: Dumping buffer pool(s) to /var/lib/mysql/ib_buffer_pool
2019-05-06T07:46:16.076378Z 0 [Note] InnoDB: Buffer pool(s) dump completed at 190506  7:46:16
2019-05-06T07:46:17.695673Z 0 [Note] InnoDB: Shutdown completed; log sequence number 4048525
2019-05-06T07:46:17.697448Z 0 [Note] InnoDB: Removed temporary tablespace data file: "ibtmp1"
2019-05-06T07:46:17.697469Z 0 [Note] Shutting down plugin 'MEMORY'
2019-05-06T07:46:17.697474Z 0 [Note] Shutting down plugin 'CSV'
2019-05-06T07:46:17.697477Z 0 [Note] Shutting down plugin 'sha256_password'
2019-05-06T07:46:17.697479Z 0 [Note] Shutting down plugin 'mysql_native_password'
2019-05-06T07:46:17.697590Z 0 [Note] Shutting down plugin 'binlog'
2019-05-06T07:46:17.698096Z 0 [Note] /usr/sbin/mysqld: Shutdown complete

2019-05-06T07:46:33.338123Z 0 [Warning] TIMESTAMP with implicit DEFAULT value is deprecated. Please use --explicit_defaults_for_timestamp server option (see documentation for more details).
2019-05-06T07:46:33.338504Z 0 [Note] /usr/sbin/mysqld (mysqld 5.7.23) starting as process 72 ...
2019-05-06T07:46:33.342696Z 0 [Note] InnoDB: PUNCH HOLE support available
2019-05-06T07:46:33.342713Z 0 [Note] InnoDB: Mutexes and rw_locks use GCC atomic builtins
2019-05-06T07:46:33.342716Z 0 [Note] InnoDB: Uses event mutexes
2019-05-06T07:46:33.342720Z 0 [Note] InnoDB: GCC builtin __atomic_thread_fence() is used for memory barrier
2019-05-06T07:46:33.342722Z 0 [Note] InnoDB: Compressed tables use zlib 1.2.3
2019-05-06T07:46:33.342725Z 0 [Note] InnoDB: Using Linux native AIO
2019-05-06T07:46:33.342889Z 0 [Note] InnoDB: Number of pools: 1
2019-05-06T07:46:33.342968Z 0 [Note] InnoDB: Using CPU crc32 instructions
2019-05-06T07:46:33.344355Z 0 [Note] InnoDB: Initializing buffer pool, total size = 32M, instances = 1, chunk size = 32M
2019-05-06T07:46:33.345838Z 0 [Note] InnoDB: Completed initialization of buffer pool
2019-05-06T07:46:33.358112Z 0 [Note] InnoDB: If the mysqld execution user is authorized, page cleaner thread priority can be changed. See the man page of setpriority().
2019-05-06T07:46:33.369230Z 0 [Note] InnoDB: Highest supported file format is Barracuda.
2019-05-06T07:46:33.394216Z 0 [Note] InnoDB: Creating shared tablespace for temporary tables
2019-05-06T07:46:33.394326Z 0 [Note] InnoDB: Setting file './ibtmp1' size to 12 MB. Physically writing the file full; Please wait ...
2019-05-06T07:46:33.432811Z 0 [Note] InnoDB: File './ibtmp1' size is now 12 MB.
2019-05-06T07:46:33.433340Z 0 [Note] InnoDB: 96 redo rollback segment(s) found. 96 redo rollback segment(s) are active.
2019-05-06T07:46:33.433348Z 0 [Note] InnoDB: 32 non-redo rollback segment(s) are active.
2019-05-06T07:46:33.433759Z 0 [Note] InnoDB: Waiting for purge to start
2019-05-06T07:46:33.484104Z 0 [Note] InnoDB: 5.7.23 started; log sequence number 4048525
2019-05-06T07:46:33.484515Z 0 [Note] Plugin 'FEDERATED' is disabled.
2019-05-06T07:46:33.485420Z 0 [Warning] Failed to set up SSL because of the following SSL library error: SSL context is not usable without certificate and private key
2019-05-06T07:46:33.485429Z 0 [Note] Server hostname (bind-address): '*'; port: 3306
2019-05-06T07:46:33.485478Z 0 [Note] IPv6 is available.
2019-05-06T07:46:33.485495Z 0 [Note]   - '::' resolves to '::';
2019-05-06T07:46:33.485500Z 0 [Note] Server socket created on IP: '::'.
2019-05-06T07:46:33.487001Z 0 [Warning] Insecure configuration for --pid-file: Location '/var/run/mysqld' in the path is accessible to all OS users. Consider choosing a different directory.
2019-05-06T07:46:33.488347Z 0 [Warning] 'user' entry 'root@localhost' ignored in --skip-name-resolve mode.
2019-05-06T07:46:33.488376Z 0 [Warning] 'user' entry 'mysql.session@localhost' ignored in --skip-name-resolve mode.
2019-05-06T07:46:33.488385Z 0 [Warning] 'user' entry 'mysql.sys@localhost' ignored in --skip-name-resolve mode.
2019-05-06T07:46:33.488403Z 0 [Warning] 'db' entry 'performance_schema mysql.session@localhost' ignored in --skip-name-resolve mode.
2019-05-06T07:46:33.488407Z 0 [Warning] 'db' entry 'sys mysql.sys@localhost' ignored in --skip-name-resolve mode.
2019-05-06T07:46:33.488416Z 0 [Warning] 'proxies_priv' entry '@ root@localhost' ignored in --skip-name-resolve mode.
2019-05-06T07:46:33.490220Z 0 [Warning] 'tables_priv' entry 'user mysql.session@localhost' ignored in --skip-name-resolve mode.
2019-05-06T07:46:33.490235Z 0 [Warning] 'tables_priv' entry 'sys_config mysql.sys@localhost' ignored in --skip-name-resolve mode.
2019-05-06T07:46:33.495108Z 0 [Note] Event Scheduler: Loaded 0 events
2019-05-06T07:46:33.497145Z 0 [Note] InnoDB: Loading buffer pool(s) from /var/lib/mysql/ib_buffer_pool
2019-05-06T07:46:33.498392Z 0 [Note] InnoDB: Buffer pool(s) load completed at 190506  7:46:33
2019-05-06T07:46:33.508245Z 0 [Note] /usr/sbin/mysqld: ready for connections.
Version: '5.7.23'  socket: '/var/run/mysqld/mysqld.sock'  port: 3306  MySQL Community Server (GPL)
2019-05-06T08:11:07.551561Z 0 [Note] Giving 0 client threads a chance to die gracefully
2019-05-06T08:11:07.552152Z 0 [Note] Shutting down slave threads
2019-05-06T08:11:07.552165Z 0 [Note] Forcefully disconnecting 0 remaining clients
2019-05-06T08:11:07.552171Z 0 [Note] Event Scheduler: Purging the queue. 0 events
2019-05-06T08:11:07.552230Z 0 [Note] Binlog end
2019-05-06T08:11:07.556156Z 0 [Note] Shutting down plugin 'ngram'
2019-05-06T08:11:07.556175Z 0 [Note] Shutting down plugin 'partition'
2019-05-06T08:11:07.556180Z 0 [Note] Shutting down plugin 'BLACKHOLE'
2019-05-06T08:11:07.556184Z 0 [Note] Shutting down plugin 'ARCHIVE'
2019-05-06T08:11:07.556187Z 0 [Note] Shutting down plugin 'PERFORMANCE_SCHEMA'
2019-05-06T08:11:07.556209Z 0 [Note] Shutting down plugin 'MRG_MYISAM'
2019-05-06T08:11:07.556214Z 0 [Note] Shutting down plugin 'MyISAM'
2019-05-06T08:11:07.556224Z 0 [Note] Shutting down plugin 'INNODB_SYS_VIRTUAL'
2019-05-06T08:11:07.556229Z 0 [Note] Shutting down plugin 'INNODB_SYS_DATAFILES'
2019-05-06T08:11:07.556232Z 0 [Note] Shutting down plugin 'INNODB_SYS_TABLESPACES'
2019-05-06T08:11:07.556235Z 0 [Note] Shutting down plugin 'INNODB_SYS_FOREIGN_COLS'
2019-05-06T08:11:07.556238Z 0 [Note] Shutting down plugin 'INNODB_SYS_FOREIGN'
2019-05-06T08:11:07.556247Z 0 [Note] Shutting down plugin 'INNODB_SYS_FIELDS'
2019-05-06T08:11:07.556251Z 0 [Note] Shutting down plugin 'INNODB_SYS_COLUMNS'
2019-05-06T08:11:07.556254Z 0 [Note] Shutting down plugin 'INNODB_SYS_INDEXES'
2019-05-06T08:11:07.556257Z 0 [Note] Shutting down plugin 'INNODB_SYS_TABLESTATS'
2019-05-06T08:11:07.556260Z 0 [Note] Shutting down plugin 'INNODB_SYS_TABLES'
2019-05-06T08:11:07.556263Z 0 [Note] Shutting down plugin 'INNODB_FT_INDEX_TABLE'
2019-05-06T08:11:07.556266Z 0 [Note] Shutting down plugin 'INNODB_FT_INDEX_CACHE'
2019-05-06T08:11:07.556269Z 0 [Note] Shutting down plugin 'INNODB_FT_CONFIG'
2019-05-06T08:11:07.556272Z 0 [Note] Shutting down plugin 'INNODB_FT_BEING_DELETED'
2019-05-06T08:11:07.556275Z 0 [Note] Shutting down plugin 'INNODB_FT_DELETED'
2019-05-06T08:11:07.556278Z 0 [Note] Shutting down plugin 'INNODB_FT_DEFAULT_STOPWORD'
2019-05-06T08:11:07.556281Z 0 [Note] Shutting down plugin 'INNODB_METRICS'
2019-05-06T08:11:07.556284Z 0 [Note] Shutting down plugin 'INNODB_TEMP_TABLE_INFO'
2019-05-06T08:11:07.556287Z 0 [Note] Shutting down plugin 'INNODB_BUFFER_POOL_STATS'
2019-05-06T08:11:07.556290Z 0 [Note] Shutting down plugin 'INNODB_BUFFER_PAGE_LRU'
2019-05-06T08:11:07.556293Z 0 [Note] Shutting down plugin 'INNODB_BUFFER_PAGE'
2019-05-06T08:11:07.556296Z 0 [Note] Shutting down plugin 'INNODB_CMP_PER_INDEX_RESET'
2019-05-06T08:11:07.556308Z 0 [Note] Shutting down plugin 'INNODB_CMP_PER_INDEX'
2019-05-06T08:11:07.556311Z 0 [Note] Shutting down plugin 'INNODB_CMPMEM_RESET'
2019-05-06T08:11:07.556314Z 0 [Note] Shutting down plugin 'INNODB_CMPMEM'
2019-05-06T08:11:07.556317Z 0 [Note] Shutting down plugin 'INNODB_CMP_RESET'
2019-05-06T08:11:07.556320Z 0 [Note] Shutting down plugin 'INNODB_CMP'
2019-05-06T08:11:07.556323Z 0 [Note] Shutting down plugin 'INNODB_LOCK_WAITS'
2019-05-06T08:11:07.556326Z 0 [Note] Shutting down plugin 'INNODB_LOCKS'
2019-05-06T08:11:07.556330Z 0 [Note] Shutting down plugin 'INNODB_TRX'
2019-05-06T08:11:07.556333Z 0 [Note] Shutting down plugin 'InnoDB'
2019-05-06T08:11:07.556397Z 0 [Note] InnoDB: FTS optimize thread exiting.
2019-05-06T08:11:07.556734Z 0 [Note] InnoDB: Starting shutdown...
2019-05-06T08:11:07.657523Z 0 [Note] InnoDB: Dumping buffer pool(s) to /var/lib/mysql/ib_buffer_pool
2019-05-06T08:11:07.657923Z 0 [Note] InnoDB: Buffer pool(s) dump completed at 190506  8:11:07
2019-05-06T08:11:09.268095Z 0 [Note] InnoDB: Shutdown completed; log sequence number 4051207
2019-05-06T08:11:09.270682Z 0 [Note] InnoDB: Removed temporary tablespace data file: "ibtmp1"
2019-05-06T08:11:09.270702Z 0 [Note] Shutting down plugin 'MEMORY'
2019-05-06T08:11:09.270708Z 0 [Note] Shutting down plugin 'CSV'
2019-05-06T08:11:09.270713Z 0 [Note] Shutting down plugin 'sha256_password'
2019-05-06T08:11:09.270716Z 0 [Note] Shutting down plugin 'mysql_native_password'
2019-05-06T08:11:09.270875Z 0 [Note] Shutting down plugin 'binlog'
2019-05-06T08:11:09.271331Z 0 [Note] /usr/sbin/mysqld: Shutdown complete

2019-05-14T18:01:43.537889Z 0 [Warning] TIMESTAMP with implicit DEFAULT value is deprecated. Please use --explicit_defaults_for_timestamp server option (see documentation for more details).
2019-05-14T18:01:43.547234Z 0 [Note] /usr/sbin/mysqld (mysqld 5.7.23) starting as process 74 ...
2019-05-14T18:01:43.585831Z 0 [Note] InnoDB: PUNCH HOLE support available
2019-05-14T18:01:43.585857Z 0 [Note] InnoDB: Mutexes and rw_locks use GCC atomic builtins
2019-05-14T18:01:43.585861Z 0 [Note] InnoDB: Uses event mutexes
2019-05-14T18:01:43.585864Z 0 [Note] InnoDB: GCC builtin __atomic_thread_fence() is used for memory barrier
2019-05-14T18:01:43.585867Z 0 [Note] InnoDB: Compressed tables use zlib 1.2.3
2019-05-14T18:01:43.585870Z 0 [Note] InnoDB: Using Linux native AIO
2019-05-14T18:01:43.588250Z 0 [Note] InnoDB: Number of pools: 1
2019-05-14T18:01:43.592957Z 0 [Note] InnoDB: Using CPU crc32 instructions
2019-05-14T18:01:43.596118Z 0 [Note] InnoDB: Initializing buffer pool, total size = 32M, instances = 1, chunk size = 32M
2019-05-14T18:01:43.600153Z 0 [Note] InnoDB: Completed initialization of buffer pool
2019-05-14T18:01:43.602958Z 0 [Note] InnoDB: If the mysqld execution user is authorized, page cleaner thread priority can be changed. See the man page of setpriority().
2019-05-14T18:01:43.630271Z 0 [Note] InnoDB: Highest supported file format is Barracuda.
2019-05-14T18:01:43.696370Z 0 [Note] InnoDB: Creating shared tablespace for temporary tables
2019-05-14T18:01:43.696460Z 0 [Note] InnoDB: Setting file './ibtmp1' size to 12 MB. Physically writing the file full; Please wait ...
2019-05-14T18:01:43.746169Z 0 [Note] InnoDB: File './ibtmp1' size is now 12 MB.
2019-05-14T18:01:43.746709Z 0 [Note] InnoDB: 96 redo rollback segment(s) found. 96 redo rollback segment(s) are active.
2019-05-14T18:01:43.746719Z 0 [Note] InnoDB: 32 non-redo rollback segment(s) are active.
2019-05-14T18:01:43.747179Z 0 [Note] InnoDB: Waiting for purge to start
2019-05-14T18:01:43.797504Z 0 [Note] InnoDB: 5.7.23 started; log sequence number 4051207
2019-05-14T18:01:43.798130Z 0 [Note] InnoDB: Loading buffer pool(s) from /var/lib/mysql/ib_buffer_pool
2019-05-14T18:01:43.798766Z 0 [Note] Plugin 'FEDERATED' is disabled.
2019-05-14T18:01:43.820799Z 0 [Warning] Failed to set up SSL because of the following SSL library error: SSL context is not usable without certificate and private key
2019-05-14T18:01:43.820818Z 0 [Note] Server hostname (bind-address): '*'; port: 3306
2019-05-14T18:01:43.824211Z 0 [Note] IPv6 is available.
2019-05-14T18:01:43.825133Z 0 [Note]   - '::' resolves to '::';
2019-05-14T18:01:43.825162Z 0 [Note] Server socket created on IP: '::'.
2019-05-14T18:01:43.828579Z 0 [Warning] Insecure configuration for --pid-file: Location '/var/run/mysqld' in the path is accessible to all OS users. Consider choosing a different directory.
2019-05-14T18:01:43.850817Z 0 [Warning] 'user' entry 'root@localhost' ignored in --skip-name-resolve mode.
2019-05-14T18:01:43.850859Z 0 [Warning] 'user' entry 'mysql.session@localhost' ignored in --skip-name-resolve mode.
2019-05-14T18:01:43.850868Z 0 [Warning] 'user' entry 'mysql.sys@localhost' ignored in --skip-name-resolve mode.
2019-05-14T18:01:43.852162Z 0 [Warning] 'db' entry 'performance_schema mysql.session@localhost' ignored in --skip-name-resolve mode.
2019-05-14T18:01:43.852174Z 0 [Warning] 'db' entry 'sys mysql.sys@localhost' ignored in --skip-name-resolve mode.
2019-05-14T18:01:43.852607Z 0 [Warning] 'proxies_priv' entry '@ root@localhost' ignored in --skip-name-resolve mode.
2019-05-14T18:01:43.889806Z 0 [Note] InnoDB: Buffer pool(s) load completed at 190514 18:01:43
2019-05-14T18:01:43.892032Z 0 [Warning] 'tables_priv' entry 'user mysql.session@localhost' ignored in --skip-name-resolve mode.
2019-05-14T18:01:43.892048Z 0 [Warning] 'tables_priv' entry 'sys_config mysql.sys@localhost' ignored in --skip-name-resolve mode.
2019-05-14T18:01:43.955502Z 0 [Note] Event Scheduler: Loaded 0 events
2019-05-14T18:01:43.962944Z 0 [Note] /usr/sbin/mysqld: ready for connections.
Version: '5.7.23'  socket: '/var/run/mysqld/mysqld.sock'  port: 3306  MySQL Community Server (GPL)
